<?xml version="1.0" encoding="UTF-8"?>
<testsuite xmlns:xsi="http://www.w3.org/2001/XMLSchema-instance" xsi:noNamespaceSchemaLocation="https://maven.apache.org/surefire/maven-surefire-plugin/xsd/surefire-test-report.xsd" name="com.craftmanship.insurance.integration.InsuranceCalculationIntegrationTest" time="6.794" tests="3" errors="0" skipped="0" failures="0">
  <properties>
[...]
</properties>
  <testcase name="calculateInsuranceHighestInsurancePremium" classname="com.craftmanship.insurance.integration.InsuranceCalculationIntegrationTest" time="1.197"/>
  <testcase name="calculateInsurance" classname="com.craftmanship.insurance.integration.InsuranceCalculationIntegrationTest" time="0.014"/>
  <testcase name="calculateInsuranceLowestInsurancePremium" classname="com.craftmanship.insurance.integration.InsuranceCalculationIntegrationTest" time="0.016"/>
</testsuite>